<?xml version="1.0" encoding="UTF-8"?>
<!-- Generated by org.testng.reporters.JUnitReportReporter -->
<testsuite hostname="LAPTOP-HGFKBMB1" failures="0" tests="1" name="Runner.Runners" time="13.543" errors="0" timestamp="2025-09-20T06:30:03 IST" skipped="0">
  <testcase classname="Runner.Runners" name="runScenario" time="13.543"/>
</testsuite> <!-- Runner.Runners -->
